Build started 9/25/2015 10:59:06 AM.
     1>Project "E:\Projects Comp 53\Project+3\Project 3\Project 5 Redo\Project 5 Redo.vcxproj" on node 2 (Build target(s)).
     1>ClCompile:
         C:\Program Files (x86)\Microsoft Visual Studio 12.0\VC\bin\CL.exe /c /ZI /nologo /W3 /WX- /Od /Oy- /D WIN32 /D _DEBUG /D _CONSOLE /D _LIB /D _UNICODE /D UNICODE /Gm /EHsc /RTC1 /MDd /GS /fp:precise /Zc:wchar_t /Zc:forScope /Fo"Debug\\" /Fd"Debug\vc120.pdb" /Gd /TP /analyze- /errorReport:prompt crystal.cpp Game.cpp location.cpp main.cpp Monster.cpp player.cpp Princess.cpp Shop.cpp
         Shop.cpp
         Princess.cpp
         player.cpp
         Monster.cpp
     1>e:\projects comp 53\project+3\project 3\project 5 redo\monster.cpp(35): warning C4244: 'argument' : conversion from 'time_t' to 'unsigned int', possible loss of data
         main.cpp
         location.cpp
         Game.cpp
         crystal.cpp
         Generating Code...
     1>e:\projects comp 53\project+3\project 3\project 5 redo\monster.cpp(67): warning C4715: 'Monster::visit' : not all control paths return a value
       Link:
         C:\Program Files (x86)\Microsoft Visual Studio 12.0\VC\bin\link.exe /ERRORREPORT:PROMPT /OUT:"E:\Projects Comp 53\Project+3\Project 3\Debug\Project 5 Redo.exe" /INCREMENTAL /NOLOGO kernel32.lib user32.lib gdi32.lib winspool.lib comdlg32.lib advapi32.lib shell32.lib ole32.lib oleaut32.lib uuid.lib odbc32.lib odbccp32.lib /MANIFEST /MANIFESTUAC:"level='asInvoker' uiAccess='false'" /manifest:embed /DEBUG /PDB:"E:\Projects Comp 53\Project+3\Project 3\Debug\Project 5 Redo.pdb" /SUBSYSTEM:CONSOLE /TLBID:1 /DYNAMICBASE /NXCOMPAT /IMPLIB:"E:\Projects Comp 53\Project+3\Project 3\Debug\Project 5 Redo.lib" /MACHINE:X86 Debug\crystal.obj
         Debug\Game.obj
         Debug\location.obj
         Debug\main.obj
         Debug\Monster.obj
         Debug\player.obj
         Debug\Princess.obj
         Debug\Shop.obj
         Project 5 Redo.vcxproj -> E:\Projects Comp 53\Project+3\Project 3\Debug\Project 5 Redo.exe
     1>Done Building Project "E:\Projects Comp 53\Project+3\Project 3\Project 5 Redo\Project 5 Redo.vcxproj" (Build target(s)).

Build succeeded.

Time Elapsed 00:00:08.77
